

Microchip MPLAB XC8 Assembler V2.32 build 20210201212658 
                                                                                               Fri Jan 21 15:31:11 2022

Microchip MPLAB XC8 C Compiler v2.32 (Free license) build 20210201212658 Og1 
     1                           	processor	16F887
     2                           	pagewidth 120
     3                           	opt	flic
     4                           	psect	idataBANK0,global,class=CODE,delta=2,noexec
     5                           	psect	cinit,global,class=CODE,merge=1,delta=2
     6                           	psect	bssCOMMON,global,class=COMMON,space=1,delta=1,noexec
     7                           	psect	bssBANK0,global,class=BANK0,space=1,delta=1,noexec
     8                           	psect	dataBANK0,global,class=BANK0,space=1,delta=1,noexec
     9                           	psect	inittext,global,class=CODE,delta=2
    10                           	psect	cstackCOMMON,global,class=COMMON,space=1,delta=1,noexec
    11                           	psect	cstackBANK0,global,class=BANK0,space=1,delta=1,noexec
    12                           	psect	maintext,global,class=CODE,split=1,delta=2
    13                           	psect	text1,local,class=CODE,merge=1,delta=2
    14                           	psect	text2,local,class=CODE,merge=1,delta=2,group=1
    15                           	psect	text3,local,class=CODE,merge=1,delta=2,group=1
    16                           	psect	text4,local,class=CODE,merge=1,delta=2
    17                           	psect	text5,local,class=CODE,merge=1,delta=2
    18                           	psect	intentry,global,class=CODE,delta=2
    19                           	psect	config,global,abs,ovrld,class=CONFIG,space=4,delta=2,noexec
    20                           	dabs	1,0x7E,2
    21  0000                     
    22                           ; Version 2.20
    23                           ; Generated 12/02/2020 GMT
    24                           ; 
    25                           ; Copyright © 2020, Microchip Technology Inc. and its subsidiaries ("Microchip")
    26                           ; All rights reserved.
    27                           ; 
    28                           ; This software is developed by Microchip Technology Inc. and its subsidiaries ("Microch
      +                          ip").
    29                           ; 
    30                           ; Redistribution and use in source and binary forms, with or without modification, are
    31                           ; permitted provided that the following conditions are met:
    32                           ; 
    33                           ;     1. Redistributions of source code must retain the above copyright notice, this lis
      +                          t of
    34                           ;        conditions and the following disclaimer.
    35                           ; 
    36                           ;     2. Redistributions in binary form must reproduce the above copyright notice, this 
      +                          list
    37                           ;        of conditions and the following disclaimer in the documentation and/or other
    38                           ;        materials provided with the distribution.
    39                           ; 
    40                           ;     3. Microchip's name may not be used to endorse or promote products derived from th
      +                          is
    41                           ;        software without specific prior written permission.
    42                           ; 
    43                           ; THIS SOFTWARE IS PROVIDED BY MICROCHIP "AS IS" AND ANY EXPRESS OR IMPLIED WARRANTIES,
    44                           ; INCLUDING, BUT NOT LIMITED TO, THE IMPLIED WARRANTIES OF MERCHANTABILITY AND FITNESS F
      +                          OR
    45                           ; PURPOSE ARE DISCLAIMED.  IN NO EVENT SHALL MICROCHIP BE LIABLE FOR ANY DIRECT, INDIREC
      +                          T,
    46                           ; INCIDENTAL, SPECIAL, EXEMPLARY, OR CONSEQUENTIAL DAMAGES (INCLUDING BUT NOT LIMITED TO
    47                           ; PROCUREMENT OF SUBSTITUTE GOODS OR SERVICES; LOSS OF USE, DATA OR PROFITS; OR BUSINESS
    48                           ; INTERRUPTION) HOWSOEVER CAUSED AND ON ANY THEORY OF LIABILITY, WHETHER IN CONTRACT, ST
      +                          RICT
    49                           ; LIABILITY, OR TORT (INCLUDING NEGLIGENCE OR OTHERWISE) ARISING IN ANY WAY OUT OF THE U
      +                          SE OF
    50                           ; THIS SOFTWARE, EVEN IF ADVISED OF THE POSSIBILITY OF SUCH DAMAGE.
    51                           ; 
    52                           ; 
    53                           ; Code-generator required, PIC16F887 Definitions
    54                           ; 
    55                           ; SFR Addresses
    56  0000                     	;# 
    57  0001                     	;# 
    58  0002                     	;# 
    59  0003                     	;# 
    60  0004                     	;# 
    61  0005                     	;# 
    62  0006                     	;# 
    63  0007                     	;# 
    64  0008                     	;# 
    65  0009                     	;# 
    66  000A                     	;# 
    67  000B                     	;# 
    68  000C                     	;# 
    69  000D                     	;# 
    70  000E                     	;# 
    71  000E                     	;# 
    72  000F                     	;# 
    73  0010                     	;# 
    74  0011                     	;# 
    75  0012                     	;# 
    76  0013                     	;# 
    77  0014                     	;# 
    78  0015                     	;# 
    79  0015                     	;# 
    80  0016                     	;# 
    81  0017                     	;# 
    82  0018                     	;# 
    83  0019                     	;# 
    84  001A                     	;# 
    85  001B                     	;# 
    86  001B                     	;# 
    87  001C                     	;# 
    88  001D                     	;# 
    89  001E                     	;# 
    90  001F                     	;# 
    91  0081                     	;# 
    92  0085                     	;# 
    93  0086                     	;# 
    94  0087                     	;# 
    95  0088                     	;# 
    96  0089                     	;# 
    97  008C                     	;# 
    98  008D                     	;# 
    99  008E                     	;# 
   100  008F                     	;# 
   101  0090                     	;# 
   102  0091                     	;# 
   103  0092                     	;# 
   104  0093                     	;# 
   105  0093                     	;# 
   106  0093                     	;# 
   107  0094                     	;# 
   108  0095                     	;# 
   109  0096                     	;# 
   110  0097                     	;# 
   111  0098                     	;# 
   112  0099                     	;# 
   113  009A                     	;# 
   114  009B                     	;# 
   115  009C                     	;# 
   116  009D                     	;# 
   117  009E                     	;# 
   118  009F                     	;# 
   119  0105                     	;# 
   120  0107                     	;# 
   121  0108                     	;# 
   122  0109                     	;# 
   123  010C                     	;# 
   124  010C                     	;# 
   125  010D                     	;# 
   126  010E                     	;# 
   127  010F                     	;# 
   128  0185                     	;# 
   129  0187                     	;# 
   130  0188                     	;# 
   131  0189                     	;# 
   132  018C                     	;# 
   133  018D                     	;# 
   134  0000                     	;# 
   135  0001                     	;# 
   136  0002                     	;# 
   137  0003                     	;# 
   138  0004                     	;# 
   139  0005                     	;# 
   140  0006                     	;# 
   141  0007                     	;# 
   142  0008                     	;# 
   143  0009                     	;# 
   144  000A                     	;# 
   145  000B                     	;# 
   146  000C                     	;# 
   147  000D                     	;# 
   148  000E                     	;# 
   149  000E                     	;# 
   150  000F                     	;# 
   151  0010                     	;# 
   152  0011                     	;# 
   153  0012                     	;# 
   154  0013                     	;# 
   155  0014                     	;# 
   156  0015                     	;# 
   157  0015                     	;# 
   158  0016                     	;# 
   159  0017                     	;# 
   160  0018                     	;# 
   161  0019                     	;# 
   162  001A                     	;# 
   163  001B                     	;# 
   164  001B                     	;# 
   165  001C                     	;# 
   166  001D                     	;# 
   167  001E                     	;# 
   168  001F                     	;# 
   169  0081                     	;# 
   170  0085                     	;# 
   171  0086                     	;# 
   172  0087                     	;# 
   173  0088                     	;# 
   174  0089                     	;# 
   175  008C                     	;# 
   176  008D                     	;# 
   177  008E                     	;# 
   178  008F                     	;# 
   179  0090                     	;# 
   180  0091                     	;# 
   181  0092                     	;# 
   182  0093                     	;# 
   183  0093                     	;# 
   184  0093                     	;# 
   185  0094                     	;# 
   186  0095                     	;# 
   187  0096                     	;# 
   188  0097                     	;# 
   189  0098                     	;# 
   190  0099                     	;# 
   191  009A                     	;# 
   192  009B                     	;# 
   193  009C                     	;# 
   194  009D                     	;# 
   195  009E                     	;# 
   196  009F                     	;# 
   197  0105                     	;# 
   198  0107                     	;# 
   199  0108                     	;# 
   200  0109                     	;# 
   201  010C                     	;# 
   202  010C                     	;# 
   203  010D                     	;# 
   204  010E                     	;# 
   205  010F                     	;# 
   206  0185                     	;# 
   207  0187                     	;# 
   208  0188                     	;# 
   209  0189                     	;# 
   210  018C                     	;# 
   211  018D                     	;# 
   212                           
   213                           	psect	idataBANK0
   214  0298                     __pidataBANK0:
   215                           
   216                           ;initializer for _tabla
   217  0298  343F               	retlw	63
   218  0299  3406               	retlw	6
   219  029A  345B               	retlw	91
   220  029B  345B               	retlw	91
   221  029C  3466               	retlw	102
   222  029D  346D               	retlw	109
   223  029E  347D               	retlw	125
   224  029F  344F               	retlw	79
   225  02A0  347F               	retlw	127
   226  02A1  346F               	retlw	111
   227  0006                     _PORTB	set	6
   228  0008                     _PORTD	set	8
   229  0005                     _PORTA	set	5
   230  0009                     _PORTE	set	9
   231  0001                     _TMR0	set	1
   232  0007                     _PORTC	set	7
   233  0006                     _PORTBbits	set	6
   234  000B                     _INTCONbits	set	11
   235  0032                     _RB2	set	50
   236  0031                     _RB1	set	49
   237  0030                     _RB0	set	48
   238  008F                     _OSCCONbits	set	143
   239  0095                     _WPUB	set	149
   240  0081                     _OPTION_REGbits	set	129
   241  0089                     _TRISE	set	137
   242  0088                     _TRISD	set	136
   243  0087                     _TRISC	set	135
   244  0086                     _TRISB	set	134
   245  0085                     _TRISA	set	133
   246  0189                     _ANSELH	set	393
   247  0188                     _ANSEL	set	392
   248                           
   249                           	psect	cinit
   250  0011                     start_initialization:	
   251                           ; #config settings
   252                           
   253  0011                     __initialization:
   254                           
   255                           ; Initialize objects allocated to BANK0
   256  0011  1383               	bcf	3,7	;select IRP bank0
   257  0012  3036               	movlw	low (__pdataBANK0+10)
   258  0013  00FD               	movwf	btemp+-1
   259  0014  3002               	movlw	high __pidataBANK0
   260  0015  00FE               	movwf	btemp
   261  0016  3098               	movlw	low __pidataBANK0
   262  0017  00FF               	movwf	btemp+1
   263  0018  302C               	movlw	low __pdataBANK0
   264  0019  0084               	movwf	4
   265  001A  120A  118A  2289  120A  118A  	fcall	init_ram0
   266                           
   267                           ; Clear objects allocated to BANK0
   268  001F  01A0               	clrf	__pbssBANK0& (0+127)
   269  0020  01A1               	clrf	(__pbssBANK0+1)& (0+127)
   270  0021  01A2               	clrf	(__pbssBANK0+2)& (0+127)
   271  0022  01A3               	clrf	(__pbssBANK0+3)& (0+127)
   272  0023  01A4               	clrf	(__pbssBANK0+4)& (0+127)
   273  0024  01A5               	clrf	(__pbssBANK0+5)& (0+127)
   274  0025  01A6               	clrf	(__pbssBANK0+6)& (0+127)
   275  0026  01A7               	clrf	(__pbssBANK0+7)& (0+127)
   276  0027  01A8               	clrf	(__pbssBANK0+8)& (0+127)
   277  0028  01A9               	clrf	(__pbssBANK0+9)& (0+127)
   278  0029  01AA               	clrf	(__pbssBANK0+10)& (0+127)
   279  002A  01AB               	clrf	(__pbssBANK0+11)& (0+127)
   280                           
   281                           ; Clear objects allocated to COMMON
   282  002B  01F7               	clrf	__pbssCOMMON& (0+127)
   283  002C  01F8               	clrf	(__pbssCOMMON+1)& (0+127)
   284  002D  01F9               	clrf	(__pbssCOMMON+2)& (0+127)
   285  002E  01FA               	clrf	(__pbssCOMMON+3)& (0+127)
   286  002F                     end_of_initialization:	
   287                           ;End of C runtime variable initialization code
   288                           
   289  002F                     __end_of__initialization:
   290  002F  0183               	clrf	3
   291  0030  120A  118A  2833   	ljmp	_main	;jump to C main() function
   292                           
   293                           	psect	bssCOMMON
   294  0077                     __pbssCOMMON:
   295  0077                     _var3:
   296  0077                     	ds	2
   297  0079                     _var2:
   298  0079                     	ds	2
   299                           
   300                           	psect	bssBANK0
   301  0020                     __pbssBANK0:
   302  0020                     _resi:
   303  0020                     	ds	2
   304  0022                     _var:
   305  0022                     	ds	2
   306  0024                     _cent:
   307  0024                     	ds	2
   308  0026                     _dec:
   309  0026                     	ds	2
   310  0028                     _uni:
   311  0028                     	ds	2
   312  002A                     _banderas:
   313  002A                     	ds	2
   314                           
   315                           	psect	dataBANK0
   316  002C                     __pdataBANK0:
   317  002C                     _tabla:
   318  002C                     	ds	10
   319                           
   320                           	psect	inittext
   321  0285                     init_fetch0:	
   322                           ;	Called with low address in FSR and high address in W
   323                           
   324  0285  087E               	movf	btemp,w
   325  0286  008A               	movwf	10
   326  0287  087F               	movf	btemp+1,w
   327  0288  0082               	movwf	2
   328  0289                     init_ram0:	
   329                           ;Called with:
   330                           ;	high address of idata address in btemp 
   331                           ;	low address of idata address in btemp+1 
   332                           ;	low address of data in FSR
   333                           ;	high address + 1 of data in btemp-1
   334                           
   335  0289  120A  118A  2285  120A  118A  	fcall	init_fetch0
   336  028E  0080               	movwf	0
   337  028F  0A84               	incf	4,f
   338  0290  0804               	movf	4,w
   339  0291  067D               	xorwf	btemp+-1,w
   340  0292  1903               	btfsc	3,2
   341  0293  3400               	retlw	0
   342  0294  0AFF               	incf	btemp+1,f
   343  0295  1903               	btfsc	3,2
   344  0296  0AFE               	incf	btemp,f
   345  0297  2A89               	goto	init_ram0
   346                           
   347                           	psect	cstackCOMMON
   348  0070                     __pcstackCOMMON:
   349  0070                     ?_setup:
   350  0070                     ?_isr:	
   351                           ; 1 bytes @ 0x0
   352                           
   353  0070                     ??_isr:	
   354                           ; 1 bytes @ 0x0
   355                           
   356  0070                     ?_main:	
   357                           ; 1 bytes @ 0x0
   358                           
   359  0070                     ?_valores:	
   360                           ; 1 bytes @ 0x0
   361                           
   362                           
   363                           ; 2 bytes @ 0x0
   364  0070                     	ds	3
   365  0073                     ??_setup:
   366  0073                     ?___awdiv:	
   367                           ; 1 bytes @ 0x3
   368                           
   369  0073                     ?___awmod:	
   370                           ; 2 bytes @ 0x3
   371                           
   372  0073                     ___awdiv@divisor:	
   373                           ; 2 bytes @ 0x3
   374                           
   375  0073                     ___awmod@divisor:	
   376                           ; 2 bytes @ 0x3
   377                           
   378                           
   379                           ; 2 bytes @ 0x3
   380  0073                     	ds	2
   381  0075                     ___awdiv@dividend:
   382  0075                     ___awmod@dividend:	
   383                           ; 2 bytes @ 0x5
   384                           
   385                           
   386                           ; 2 bytes @ 0x5
   387  0075                     	ds	2
   388  0077                     ??_valores:
   389                           
   390                           	psect	cstackBANK0
   391  0036                     __pcstackBANK0:	
   392                           ; 1 bytes @ 0x7
   393                           
   394  0036                     ??___awdiv:
   395  0036                     ??___awmod:	
   396                           ; 1 bytes @ 0x0
   397                           
   398                           
   399                           ; 1 bytes @ 0x0
   400  0036                     	ds	1
   401  0037                     ___awdiv@counter:
   402  0037                     ___awmod@counter:	
   403                           ; 1 bytes @ 0x1
   404                           
   405                           
   406                           ; 1 bytes @ 0x1
   407  0037                     	ds	1
   408  0038                     ___awdiv@sign:
   409  0038                     ___awmod@sign:	
   410                           ; 1 bytes @ 0x2
   411                           
   412                           
   413                           ; 1 bytes @ 0x2
   414  0038                     	ds	1
   415  0039                     ___awdiv@quotient:
   416                           
   417                           ; 2 bytes @ 0x3
   418  0039                     	ds	2
   419  003B                     ??_main:
   420                           
   421                           ; 1 bytes @ 0x5
   422  003B                     	ds	2
   423                           
   424                           	psect	maintext
   425  0033                     __pmaintext:	
   426 ;;
   427 ;;Main: autosize = 0, tempsize = 2, incstack = 0, save=0
   428 ;;
   429 ;; *************** function _main *****************
   430 ;; Defined at:
   431 ;;		line 73 in file "lab0.c"
   432 ;; Parameters:    Size  Location     Type
   433 ;;		None
   434 ;; Auto vars:     Size  Location     Type
   435 ;;		None
   436 ;; Return value:  Size  Location     Type
   437 ;;                  1    wreg      void 
   438 ;; Registers used:
   439 ;;		wreg, status,2, status,0, pclath, cstack
   440 ;; Tracked objects:
   441 ;;		On entry : B00/0
   442 ;;		On exit  : 0/0
   443 ;;		Unchanged: 0/0
   444 ;; Data sizes:     COMMON   BANK0   BANK1   BANK3   BANK2
   445 ;;      Params:         0       0       0       0       0
   446 ;;      Locals:         0       0       0       0       0
   447 ;;      Temps:          0       2       0       0       0
   448 ;;      Totals:         0       2       0       0       0
   449 ;;Total ram usage:        2 bytes
   450 ;; Hardware stack levels required when called: 3
   451 ;; This function calls:
   452 ;;		_setup
   453 ;;		_valores
   454 ;; This function is called by:
   455 ;;		Startup code after reset
   456 ;; This function uses a non-reentrant model
   457 ;;
   458                           
   459                           
   460                           ;psect for function _main
   461  0033                     _main:
   462  0033                     l1314:	
   463                           ;incstack = 0
   464                           ; Regs used in _main: [wreg+status,2+status,0+pclath+cstack]
   465                           
   466                           
   467                           ;lab0.c: 75:     setup();
   468  0033  120A  118A  2236  120A  118A  	fcall	_setup
   469  0038                     l1316:
   470                           
   471                           ;lab0.c: 78:     {;lab0.c: 79:         if (!PORTBbits.RB0)
   472  0038  1283               	bcf	3,5	;RP0=0, select bank0
   473  0039  1303               	bcf	3,6	;RP1=0, select bank0
   474  003A  1806               	btfsc	6,0	;volatile
   475  003B  283D               	goto	u1061
   476  003C  283E               	goto	u1060
   477  003D                     u1061:
   478  003D  285E               	goto	l1332
   479  003E                     u1060:
   480  003E                     l78:
   481  003E  1C06               	btfss	6,0	;volatile
   482  003F  2841               	goto	u1071
   483  0040  2842               	goto	u1070
   484  0041                     u1071:
   485  0041  283E               	goto	l78
   486  0042                     u1070:
   487  0042                     l1320:
   488                           
   489                           ;lab0.c: 82:             PORTE--;
   490  0042  3001               	movlw	1
   491  0043  0289               	subwf	9,f	;volatile
   492  0044                     l1322:
   493                           
   494                           ;lab0.c: 83:             var = PORTE;
   495  0044  0809               	movf	9,w	;volatile
   496  0045  00BB               	movwf	??_main
   497  0046  01BC               	clrf	??_main+1
   498  0047  083B               	movf	??_main,w
   499  0048  00A2               	movwf	_var
   500  0049  083C               	movf	??_main+1,w
   501  004A  00A3               	movwf	_var+1
   502  004B                     l1324:
   503                           
   504                           ;lab0.c: 84:             if (var == 7)
   505  004B  3007               	movlw	7
   506  004C  0622               	xorwf	_var,w
   507  004D  0423               	iorwf	_var+1,w
   508  004E  1D03               	btfss	3,2
   509  004F  2851               	goto	u1081
   510  0050  2852               	goto	u1080
   511  0051                     u1081:
   512  0051  2855               	goto	l1328
   513  0052                     u1080:
   514  0052                     l1326:
   515                           
   516                           ;lab0.c: 85:             {;lab0.c: 86:                 PORTE = 0b100;
   517  0052  3004               	movlw	4
   518  0053  0089               	movwf	9	;volatile
   519                           
   520                           ;lab0.c: 88:             }
   521  0054  285E               	goto	l1332
   522  0055                     l1328:
   523  0055  3003               	movlw	3
   524  0056  0622               	xorwf	_var,w
   525  0057  0423               	iorwf	_var+1,w
   526  0058  1D03               	btfss	3,2
   527  0059  285B               	goto	u1091
   528  005A  285C               	goto	u1090
   529  005B                     u1091:
   530  005B  285E               	goto	l1332
   531  005C                     u1090:
   532  005C                     l1330:
   533                           
   534                           ;lab0.c: 90:             {;lab0.c: 91:                 PORTE = 0b010;
   535  005C  3002               	movlw	2
   536  005D  0089               	movwf	9	;volatile
   537  005E                     l1332:
   538                           
   539                           ;lab0.c: 94:         if (!PORTBbits.RB1)
   540  005E  1886               	btfsc	6,1	;volatile
   541  005F  2861               	goto	u1101
   542  0060  2862               	goto	u1100
   543  0061                     u1101:
   544  0061  28BC               	goto	l1374
   545  0062                     u1100:
   546  0062                     l85:
   547  0062  1C86               	btfss	6,1	;volatile
   548  0063  2865               	goto	u1111
   549  0064  2866               	goto	u1110
   550  0065                     u1111:
   551  0065  2862               	goto	l85
   552  0066                     u1110:
   553  0066                     l1336:
   554                           
   555                           ;lab0.c: 97:             PORTA++;
   556  0066  3001               	movlw	1
   557  0067  00BB               	movwf	??_main
   558  0068  083B               	movf	??_main,w
   559  0069  0785               	addwf	5,f	;volatile
   560  006A                     l1338:
   561                           
   562                           ;lab0.c: 98:             var2 = PORTA;
   563  006A  0805               	movf	5,w	;volatile
   564  006B  00BB               	movwf	??_main
   565  006C  01BC               	clrf	??_main+1
   566  006D  083B               	movf	??_main,w
   567  006E  00F9               	movwf	_var2
   568  006F  083C               	movf	??_main+1,w
   569  0070  00FA               	movwf	_var2+1
   570  0071                     l1340:
   571                           
   572                           ;lab0.c: 99:             PORTBbits.RB4 = 0;
   573  0071  1206               	bcf	6,4	;volatile
   574  0072                     l1342:
   575                           
   576                           ;lab0.c: 101:             if (var2 == 3)
   577  0072  3003               	movlw	3
   578  0073  0679               	xorwf	_var2,w
   579  0074  047A               	iorwf	_var2+1,w
   580  0075  1D03               	btfss	3,2
   581  0076  2878               	goto	u1121
   582  0077  2879               	goto	u1120
   583  0078                     u1121:
   584  0078  287C               	goto	l1346
   585  0079                     u1120:
   586  0079                     l1344:
   587                           
   588                           ;lab0.c: 102:             {;lab0.c: 103:                 PORTA = 4;
   589  0079  3004               	movlw	4
   590  007A  0085               	movwf	5	;volatile
   591                           
   592                           ;lab0.c: 104:             }
   593  007B  28BC               	goto	l1374
   594  007C                     l1346:
   595  007C  3005               	movlw	5
   596  007D  0679               	xorwf	_var2,w
   597  007E  047A               	iorwf	_var2+1,w
   598  007F  1D03               	btfss	3,2
   599  0080  2882               	goto	u1131
   600  0081  2883               	goto	u1130
   601  0082                     u1131:
   602  0082  2886               	goto	l1350
   603  0083                     u1130:
   604  0083                     l1348:
   605                           
   606                           ;lab0.c: 106:             {;lab0.c: 107:                 PORTA = 8;
   607  0083  3008               	movlw	8
   608  0084  0085               	movwf	5	;volatile
   609                           
   610                           ;lab0.c: 108:             }
   611  0085  28BC               	goto	l1374
   612  0086                     l1350:
   613  0086  3009               	movlw	9
   614  0087  0679               	xorwf	_var2,w
   615  0088  047A               	iorwf	_var2+1,w
   616  0089  1D03               	btfss	3,2
   617  008A  288C               	goto	u1141
   618  008B  288D               	goto	u1140
   619  008C                     u1141:
   620  008C  2890               	goto	l1354
   621  008D                     u1140:
   622  008D                     l1352:
   623                           
   624                           ;lab0.c: 110:             {;lab0.c: 111:                 PORTA = 16;
   625  008D  3010               	movlw	16
   626  008E  0085               	movwf	5	;volatile
   627                           
   628                           ;lab0.c: 112:             }
   629  008F  28BC               	goto	l1374
   630  0090                     l1354:
   631  0090  3011               	movlw	17
   632  0091  0679               	xorwf	_var2,w
   633  0092  047A               	iorwf	_var2+1,w
   634  0093  1D03               	btfss	3,2
   635  0094  2896               	goto	u1151
   636  0095  2897               	goto	u1150
   637  0096                     u1151:
   638  0096  289A               	goto	l1358
   639  0097                     u1150:
   640  0097                     l1356:
   641                           
   642                           ;lab0.c: 114:             {;lab0.c: 115:                 PORTA = 32;
   643  0097  3020               	movlw	32
   644  0098  0085               	movwf	5	;volatile
   645                           
   646                           ;lab0.c: 116:             }
   647  0099  28BC               	goto	l1374
   648  009A                     l1358:
   649  009A  3021               	movlw	33
   650  009B  0679               	xorwf	_var2,w
   651  009C  047A               	iorwf	_var2+1,w
   652  009D  1D03               	btfss	3,2
   653  009E  28A0               	goto	u1161
   654  009F  28A1               	goto	u1160
   655  00A0                     u1161:
   656  00A0  28A4               	goto	l1362
   657  00A1                     u1160:
   658  00A1                     l1360:
   659                           
   660                           ;lab0.c: 118:             {;lab0.c: 119:                 PORTA = 64;
   661  00A1  3040               	movlw	64
   662  00A2  0085               	movwf	5	;volatile
   663                           
   664                           ;lab0.c: 120:             }
   665  00A3  28BC               	goto	l1374
   666  00A4                     l1362:
   667  00A4  3041               	movlw	65
   668  00A5  0679               	xorwf	_var2,w
   669  00A6  047A               	iorwf	_var2+1,w
   670  00A7  1D03               	btfss	3,2
   671  00A8  28AA               	goto	u1171
   672  00A9  28AB               	goto	u1170
   673  00AA                     u1171:
   674  00AA  28AE               	goto	l1366
   675  00AB                     u1170:
   676  00AB                     l1364:
   677                           
   678                           ;lab0.c: 122:             {;lab0.c: 123:                 PORTA = 128;
   679  00AB  3080               	movlw	128
   680  00AC  0085               	movwf	5	;volatile
   681                           
   682                           ;lab0.c: 124:             }
   683  00AD  28BC               	goto	l1374
   684  00AE                     l1366:
   685  00AE  3081               	movlw	129
   686  00AF  0679               	xorwf	_var2,w
   687  00B0  047A               	iorwf	_var2+1,w
   688  00B1  1D03               	btfss	3,2
   689  00B2  28B4               	goto	u1181
   690  00B3  28B5               	goto	u1180
   691  00B4                     u1181:
   692  00B4  28BC               	goto	l95
   693  00B5                     u1180:
   694  00B5                     l1368:
   695                           
   696                           ;lab0.c: 126:             {;lab0.c: 127:                 PORTA = 256;
   697  00B5  0185               	clrf	5	;volatile
   698  00B6                     l1370:
   699                           
   700                           ;lab0.c: 128:                 PORTBbits.RB4 = 1;
   701  00B6  1606               	bsf	6,4	;volatile
   702  00B7                     l1372:
   703                           
   704                           ;lab0.c: 129:                 var = 1;
   705  00B7  3001               	movlw	1
   706  00B8  00A2               	movwf	_var
   707  00B9  3000               	movlw	0
   708  00BA  00A3               	movwf	_var+1
   709  00BB  28BC               	goto	l1374
   710  00BC                     l95:
   711  00BC                     l1374:
   712                           
   713                           ;lab0.c: 133:         if (!PORTBbits.RB2)
   714  00BC  1906               	btfsc	6,2	;volatile
   715  00BD  28BF               	goto	u1191
   716  00BE  28C0               	goto	u1190
   717  00BF                     u1191:
   718  00BF  291A               	goto	l1416
   719  00C0                     u1190:
   720  00C0                     l102:
   721  00C0  1D06               	btfss	6,2	;volatile
   722  00C1  28C3               	goto	u1201
   723  00C2  28C4               	goto	u1200
   724  00C3                     u1201:
   725  00C3  28C0               	goto	l102
   726  00C4                     u1200:
   727  00C4                     l1378:
   728                           
   729                           ;lab0.c: 136:             PORTD++;
   730  00C4  3001               	movlw	1
   731  00C5  00BB               	movwf	??_main
   732  00C6  083B               	movf	??_main,w
   733  00C7  0788               	addwf	8,f	;volatile
   734  00C8                     l1380:
   735                           
   736                           ;lab0.c: 137:             var3 = PORTD;
   737  00C8  0808               	movf	8,w	;volatile
   738  00C9  00BB               	movwf	??_main
   739  00CA  01BC               	clrf	??_main+1
   740  00CB  083B               	movf	??_main,w
   741  00CC  00F7               	movwf	_var3
   742  00CD  083C               	movf	??_main+1,w
   743  00CE  00F8               	movwf	_var3+1
   744  00CF                     l1382:
   745                           
   746                           ;lab0.c: 138:             PORTBbits.RB5 = 0;
   747  00CF  1286               	bcf	6,5	;volatile
   748  00D0                     l1384:
   749                           
   750                           ;lab0.c: 139:             if (var3 == 3)
   751  00D0  3003               	movlw	3
   752  00D1  0677               	xorwf	_var3,w
   753  00D2  0478               	iorwf	_var3+1,w
   754  00D3  1D03               	btfss	3,2
   755  00D4  28D6               	goto	u1211
   756  00D5  28D7               	goto	u1210
   757  00D6                     u1211:
   758  00D6  28DA               	goto	l1388
   759  00D7                     u1210:
   760  00D7                     l1386:
   761                           
   762                           ;lab0.c: 140:             {;lab0.c: 141:                 PORTD = 4;
   763  00D7  3004               	movlw	4
   764  00D8  0088               	movwf	8	;volatile
   765                           
   766                           ;lab0.c: 142:             }
   767  00D9  291A               	goto	l1416
   768  00DA                     l1388:
   769  00DA  3005               	movlw	5
   770  00DB  0677               	xorwf	_var3,w
   771  00DC  0478               	iorwf	_var3+1,w
   772  00DD  1D03               	btfss	3,2
   773  00DE  28E0               	goto	u1221
   774  00DF  28E1               	goto	u1220
   775  00E0                     u1221:
   776  00E0  28E4               	goto	l1392
   777  00E1                     u1220:
   778  00E1                     l1390:
   779                           
   780                           ;lab0.c: 144:             {;lab0.c: 145:                 PORTD = 8;
   781  00E1  3008               	movlw	8
   782  00E2  0088               	movwf	8	;volatile
   783                           
   784                           ;lab0.c: 146:             }
   785  00E3  291A               	goto	l1416
   786  00E4                     l1392:
   787  00E4  3009               	movlw	9
   788  00E5  0677               	xorwf	_var3,w
   789  00E6  0478               	iorwf	_var3+1,w
   790  00E7  1D03               	btfss	3,2
   791  00E8  28EA               	goto	u1231
   792  00E9  28EB               	goto	u1230
   793  00EA                     u1231:
   794  00EA  28EE               	goto	l1396
   795  00EB                     u1230:
   796  00EB                     l1394:
   797                           
   798                           ;lab0.c: 148:             {;lab0.c: 149:                 PORTD = 16;
   799  00EB  3010               	movlw	16
   800  00EC  0088               	movwf	8	;volatile
   801                           
   802                           ;lab0.c: 150:             }
   803  00ED  291A               	goto	l1416
   804  00EE                     l1396:
   805  00EE  3011               	movlw	17
   806  00EF  0677               	xorwf	_var3,w
   807  00F0  0478               	iorwf	_var3+1,w
   808  00F1  1D03               	btfss	3,2
   809  00F2  28F4               	goto	u1241
   810  00F3  28F5               	goto	u1240
   811  00F4                     u1241:
   812  00F4  28F8               	goto	l1400
   813  00F5                     u1240:
   814  00F5                     l1398:
   815                           
   816                           ;lab0.c: 152:             {;lab0.c: 153:                 PORTD = 32;
   817  00F5  3020               	movlw	32
   818  00F6  0088               	movwf	8	;volatile
   819                           
   820                           ;lab0.c: 154:             }
   821  00F7  291A               	goto	l1416
   822  00F8                     l1400:
   823  00F8  3021               	movlw	33
   824  00F9  0677               	xorwf	_var3,w
   825  00FA  0478               	iorwf	_var3+1,w
   826  00FB  1D03               	btfss	3,2
   827  00FC  28FE               	goto	u1251
   828  00FD  28FF               	goto	u1250
   829  00FE                     u1251:
   830  00FE  2902               	goto	l1404
   831  00FF                     u1250:
   832  00FF                     l1402:
   833                           
   834                           ;lab0.c: 156:             {;lab0.c: 157:                 PORTD = 64;
   835  00FF  3040               	movlw	64
   836  0100  0088               	movwf	8	;volatile
   837                           
   838                           ;lab0.c: 158:             }
   839  0101  291A               	goto	l1416
   840  0102                     l1404:
   841  0102  3041               	movlw	65
   842  0103  0677               	xorwf	_var3,w
   843  0104  0478               	iorwf	_var3+1,w
   844  0105  1D03               	btfss	3,2
   845  0106  2908               	goto	u1261
   846  0107  2909               	goto	u1260
   847  0108                     u1261:
   848  0108  290C               	goto	l1408
   849  0109                     u1260:
   850  0109                     l1406:
   851                           
   852                           ;lab0.c: 160:             {;lab0.c: 161:                 PORTD = 128;
   853  0109  3080               	movlw	128
   854  010A  0088               	movwf	8	;volatile
   855                           
   856                           ;lab0.c: 162:             }
   857  010B  291A               	goto	l1416
   858  010C                     l1408:
   859  010C  3081               	movlw	129
   860  010D  0677               	xorwf	_var3,w
   861  010E  0478               	iorwf	_var3+1,w
   862  010F  1D03               	btfss	3,2
   863  0110  2912               	goto	u1271
   864  0111  2913               	goto	u1270
   865  0112                     u1271:
   866  0112  291A               	goto	l112
   867  0113                     u1270:
   868  0113                     l1410:
   869                           
   870                           ;lab0.c: 164:             {;lab0.c: 165:                 PORTD = 256;
   871  0113  0188               	clrf	8	;volatile
   872  0114                     l1412:
   873                           
   874                           ;lab0.c: 166:                 PORTBbits.RB5 = 1;
   875  0114  1686               	bsf	6,5	;volatile
   876  0115                     l1414:
   877                           
   878                           ;lab0.c: 167:                 var = 2;
   879  0115  3002               	movlw	2
   880  0116  00A2               	movwf	_var
   881  0117  3000               	movlw	0
   882  0118  00A3               	movwf	_var+1
   883  0119  291A               	goto	l1416
   884  011A                     l112:
   885  011A                     l1416:
   886                           
   887                           ;lab0.c: 170:         valores ();
   888  011A  120A  118A  21E7  120A  118A  	fcall	_valores
   889  011F  2838               	goto	l1316
   890  0120  120A  118A  280E   	ljmp	start
   891  0123                     __end_of_main:
   892                           
   893                           	psect	text1
   894  01E7                     __ptext1:	
   895 ;; *************** function _valores *****************
   896 ;; Defined at:
   897 ;;		line 222 in file "lab0.c"
   898 ;; Parameters:    Size  Location     Type
   899 ;;		None
   900 ;; Auto vars:     Size  Location     Type
   901 ;;		None
   902 ;; Return value:  Size  Location     Type
   903 ;;                  2   24[None  ] int 
   904 ;; Registers used:
   905 ;;		wreg, status,2, status,0, pclath, cstack
   906 ;; Tracked objects:
   907 ;;		On entry : 0/0
   908 ;;		On exit  : 0/0
   909 ;;		Unchanged: 0/0
   910 ;; Data sizes:     COMMON   BANK0   BANK1   BANK3   BANK2
   911 ;;      Params:         0       0       0       0       0
   912 ;;      Locals:         0       0       0       0       0
   913 ;;      Temps:          0       0       0       0       0
   914 ;;      Totals:         0       0       0       0       0
   915 ;;Total ram usage:        0 bytes
   916 ;; Hardware stack levels used: 1
   917 ;; Hardware stack levels required when called: 2
   918 ;; This function calls:
   919 ;;		___awdiv
   920 ;;		___awmod
   921 ;; This function is called by:
   922 ;;		_main
   923 ;; This function uses a non-reentrant model
   924 ;;
   925                           
   926                           
   927                           ;psect for function _valores
   928  01E7                     _valores:
   929  01E7                     l1312:	
   930                           ;incstack = 0
   931                           ; Regs used in _valores: [wreg+status,2+status,0+pclath+cstack]
   932                           
   933                           
   934                           ;lab0.c: 224:     resi = var%100;
   935  01E7  3064               	movlw	100
   936  01E8  00F3               	movwf	___awmod@divisor
   937  01E9  3000               	movlw	0
   938  01EA  00F4               	movwf	___awmod@divisor+1
   939  01EB  1283               	bcf	3,5	;RP0=0, select bank0
   940  01EC  1303               	bcf	3,6	;RP1=0, select bank0
   941  01ED  0823               	movf	_var+1,w
   942  01EE  00F6               	movwf	___awmod@dividend+1
   943  01EF  0822               	movf	_var,w
   944  01F0  00F5               	movwf	___awmod@dividend
   945  01F1  120A  118A  218C  120A  118A  	fcall	___awmod
   946  01F6  0874               	movf	?___awmod+1,w
   947  01F7  1283               	bcf	3,5	;RP0=0, select bank0
   948  01F8  1303               	bcf	3,6	;RP1=0, select bank0
   949  01F9  00A1               	movwf	_resi+1
   950  01FA  0873               	movf	?___awmod,w
   951  01FB  00A0               	movwf	_resi
   952                           
   953                           ;lab0.c: 225:     uni = resi%10;
   954  01FC  300A               	movlw	10
   955  01FD  00F3               	movwf	___awmod@divisor
   956  01FE  3000               	movlw	0
   957  01FF  00F4               	movwf	___awmod@divisor+1
   958  0200  0821               	movf	_resi+1,w
   959  0201  00F6               	movwf	___awmod@dividend+1
   960  0202  0820               	movf	_resi,w
   961  0203  00F5               	movwf	___awmod@dividend
   962  0204  120A  118A  218C  120A  118A  	fcall	___awmod
   963  0209  0874               	movf	?___awmod+1,w
   964  020A  1283               	bcf	3,5	;RP0=0, select bank0
   965  020B  1303               	bcf	3,6	;RP1=0, select bank0
   966  020C  00A9               	movwf	_uni+1
   967  020D  0873               	movf	?___awmod,w
   968  020E  00A8               	movwf	_uni
   969                           
   970                           ;lab0.c: 226:     dec = resi/10;
   971  020F  300A               	movlw	10
   972  0210  00F3               	movwf	___awdiv@divisor
   973  0211  3000               	movlw	0
   974  0212  00F4               	movwf	___awdiv@divisor+1
   975  0213  0821               	movf	_resi+1,w
   976  0214  00F6               	movwf	___awdiv@dividend+1
   977  0215  0820               	movf	_resi,w
   978  0216  00F5               	movwf	___awdiv@dividend
   979  0217  120A  118A  2123  120A  118A  	fcall	___awdiv
   980  021C  0874               	movf	?___awdiv+1,w
   981  021D  1283               	bcf	3,5	;RP0=0, select bank0
   982  021E  1303               	bcf	3,6	;RP1=0, select bank0
   983  021F  00A7               	movwf	_dec+1
   984  0220  0873               	movf	?___awdiv,w
   985  0221  00A6               	movwf	_dec
   986                           
   987                           ;lab0.c: 227:     cent = var/100;
   988  0222  3064               	movlw	100
   989  0223  00F3               	movwf	___awdiv@divisor
   990  0224  3000               	movlw	0
   991  0225  00F4               	movwf	___awdiv@divisor+1
   992  0226  0823               	movf	_var+1,w
   993  0227  00F6               	movwf	___awdiv@dividend+1
   994  0228  0822               	movf	_var,w
   995  0229  00F5               	movwf	___awdiv@dividend
   996  022A  120A  118A  2123  120A  118A  	fcall	___awdiv
   997  022F  0874               	movf	?___awdiv+1,w
   998  0230  1283               	bcf	3,5	;RP0=0, select bank0
   999  0231  1303               	bcf	3,6	;RP1=0, select bank0
  1000  0232  00A5               	movwf	_cent+1
  1001  0233  0873               	movf	?___awdiv,w
  1002  0234  00A4               	movwf	_cent
  1003  0235                     l126:
  1004  0235  0008               	return
  1005  0236                     __end_of_valores:
  1006                           
  1007                           	psect	text2
  1008  018C                     __ptext2:	
  1009 ;; *************** function ___awmod *****************
  1010 ;; Defined at:
  1011 ;;		line 5 in file "C:\Program Files\Microchip\xc8\v2.32\pic\sources\c90\common\awmod.c"
  1012 ;; Parameters:    Size  Location     Type
  1013 ;;  divisor         2    3[COMMON] int 
  1014 ;;  dividend        2    5[COMMON] int 
  1015 ;; Auto vars:     Size  Location     Type
  1016 ;;  sign            1    2[BANK0 ] unsigned char 
  1017 ;;  counter         1    1[BANK0 ] unsigned char 
  1018 ;; Return value:  Size  Location     Type
  1019 ;;                  2    3[COMMON] int 
  1020 ;; Registers used:
  1021 ;;		wreg, status,2, status,0
  1022 ;; Tracked objects:
  1023 ;;		On entry : 0/0
  1024 ;;		On exit  : 0/0
  1025 ;;		Unchanged: 0/0
  1026 ;; Data sizes:     COMMON   BANK0   BANK1   BANK3   BANK2
  1027 ;;      Params:         4       0       0       0       0
  1028 ;;      Locals:         0       2       0       0       0
  1029 ;;      Temps:          0       1       0       0       0
  1030 ;;      Totals:         4       3       0       0       0
  1031 ;;Total ram usage:        7 bytes
  1032 ;; Hardware stack levels used: 1
  1033 ;; Hardware stack levels required when called: 1
  1034 ;; This function calls:
  1035 ;;		Nothing
  1036 ;; This function is called by:
  1037 ;;		_valores
  1038 ;; This function uses a non-reentrant model
  1039 ;;
  1040                           
  1041                           
  1042                           ;psect for function ___awmod
  1043  018C                     ___awmod:
  1044  018C                     l1274:	
  1045                           ;incstack = 0
  1046                           ; Regs used in ___awmod: [wreg+status,2+status,0]
  1047                           
  1048  018C  1283               	bcf	3,5	;RP0=0, select bank0
  1049  018D  1303               	bcf	3,6	;RP1=0, select bank0
  1050  018E  01B8               	clrf	___awmod@sign
  1051  018F                     l1276:
  1052  018F  1FF6               	btfss	___awmod@dividend+1,7
  1053  0190  2992               	goto	u971
  1054  0191  2993               	goto	u970
  1055  0192                     u971:
  1056  0192  299A               	goto	l1282
  1057  0193                     u970:
  1058  0193                     l1278:
  1059  0193  09F5               	comf	___awmod@dividend,f
  1060  0194  09F6               	comf	___awmod@dividend+1,f
  1061  0195  0AF5               	incf	___awmod@dividend,f
  1062  0196  1903               	skipnz
  1063  0197  0AF6               	incf	___awmod@dividend+1,f
  1064  0198                     l1280:
  1065  0198  01B8               	clrf	___awmod@sign
  1066  0199  0AB8               	incf	___awmod@sign,f
  1067  019A                     l1282:
  1068  019A  1FF4               	btfss	___awmod@divisor+1,7
  1069  019B  299D               	goto	u981
  1070  019C  299E               	goto	u980
  1071  019D                     u981:
  1072  019D  29A3               	goto	l1286
  1073  019E                     u980:
  1074  019E                     l1284:
  1075  019E  09F3               	comf	___awmod@divisor,f
  1076  019F  09F4               	comf	___awmod@divisor+1,f
  1077  01A0  0AF3               	incf	___awmod@divisor,f
  1078  01A1  1903               	skipnz
  1079  01A2  0AF4               	incf	___awmod@divisor+1,f
  1080  01A3                     l1286:
  1081  01A3  0873               	movf	___awmod@divisor,w
  1082  01A4  0474               	iorwf	___awmod@divisor+1,w
  1083  01A5  1903               	btfsc	3,2
  1084  01A6  29A8               	goto	u991
  1085  01A7  29A9               	goto	u990
  1086  01A8                     u991:
  1087  01A8  29D8               	goto	l1304
  1088  01A9                     u990:
  1089  01A9                     l1288:
  1090  01A9  01B7               	clrf	___awmod@counter
  1091  01AA  0AB7               	incf	___awmod@counter,f
  1092  01AB  29B7               	goto	l1294
  1093  01AC                     l1290:
  1094  01AC  3001               	movlw	1
  1095  01AD                     u1005:
  1096  01AD  1003               	clrc
  1097  01AE  0DF3               	rlf	___awmod@divisor,f
  1098  01AF  0DF4               	rlf	___awmod@divisor+1,f
  1099  01B0  3EFF               	addlw	-1
  1100  01B1  1D03               	skipz
  1101  01B2  29AD               	goto	u1005
  1102  01B3                     l1292:
  1103  01B3  3001               	movlw	1
  1104  01B4  00B6               	movwf	??___awmod
  1105  01B5  0836               	movf	??___awmod,w
  1106  01B6  07B7               	addwf	___awmod@counter,f
  1107  01B7                     l1294:
  1108  01B7  1FF4               	btfss	___awmod@divisor+1,7
  1109  01B8  29BA               	goto	u1011
  1110  01B9  29BB               	goto	u1010
  1111  01BA                     u1011:
  1112  01BA  29AC               	goto	l1290
  1113  01BB                     u1010:
  1114  01BB                     l1296:
  1115  01BB  0874               	movf	___awmod@divisor+1,w
  1116  01BC  0276               	subwf	___awmod@dividend+1,w
  1117  01BD  1D03               	skipz
  1118  01BE  29C1               	goto	u1025
  1119  01BF  0873               	movf	___awmod@divisor,w
  1120  01C0  0275               	subwf	___awmod@dividend,w
  1121  01C1                     u1025:
  1122  01C1  1C03               	skipc
  1123  01C2  29C4               	goto	u1021
  1124  01C3  29C5               	goto	u1020
  1125  01C4                     u1021:
  1126  01C4  29CB               	goto	l1300
  1127  01C5                     u1020:
  1128  01C5                     l1298:
  1129  01C5  0873               	movf	___awmod@divisor,w
  1130  01C6  02F5               	subwf	___awmod@dividend,f
  1131  01C7  0874               	movf	___awmod@divisor+1,w
  1132  01C8  1C03               	skipc
  1133  01C9  03F6               	decf	___awmod@dividend+1,f
  1134  01CA  02F6               	subwf	___awmod@dividend+1,f
  1135  01CB                     l1300:
  1136  01CB  3001               	movlw	1
  1137  01CC                     u1035:
  1138  01CC  1003               	clrc
  1139  01CD  0CF4               	rrf	___awmod@divisor+1,f
  1140  01CE  0CF3               	rrf	___awmod@divisor,f
  1141  01CF  3EFF               	addlw	-1
  1142  01D0  1D03               	skipz
  1143  01D1  29CC               	goto	u1035
  1144  01D2                     l1302:
  1145  01D2  3001               	movlw	1
  1146  01D3  02B7               	subwf	___awmod@counter,f
  1147  01D4  1D03               	btfss	3,2
  1148  01D5  29D7               	goto	u1041
  1149  01D6  29D8               	goto	u1040
  1150  01D7                     u1041:
  1151  01D7  29BB               	goto	l1296
  1152  01D8                     u1040:
  1153  01D8                     l1304:
  1154  01D8  0838               	movf	___awmod@sign,w
  1155  01D9  1903               	btfsc	3,2
  1156  01DA  29DC               	goto	u1051
  1157  01DB  29DD               	goto	u1050
  1158  01DC                     u1051:
  1159  01DC  29E2               	goto	l1308
  1160  01DD                     u1050:
  1161  01DD                     l1306:
  1162  01DD  09F5               	comf	___awmod@dividend,f
  1163  01DE  09F6               	comf	___awmod@dividend+1,f
  1164  01DF  0AF5               	incf	___awmod@dividend,f
  1165  01E0  1903               	skipnz
  1166  01E1  0AF6               	incf	___awmod@dividend+1,f
  1167  01E2                     l1308:
  1168  01E2  0876               	movf	___awmod@dividend+1,w
  1169  01E3  00F4               	movwf	?___awmod+1
  1170  01E4  0875               	movf	___awmod@dividend,w
  1171  01E5  00F3               	movwf	?___awmod
  1172  01E6                     l378:
  1173  01E6  0008               	return
  1174  01E7                     __end_of___awmod:
  1175                           
  1176                           	psect	text3
  1177  0123                     __ptext3:	
  1178 ;; *************** function ___awdiv *****************
  1179 ;; Defined at:
  1180 ;;		line 5 in file "C:\Program Files\Microchip\xc8\v2.32\pic\sources\c90\common\awdiv.c"
  1181 ;; Parameters:    Size  Location     Type
  1182 ;;  divisor         2    3[COMMON] int 
  1183 ;;  dividend        2    5[COMMON] int 
  1184 ;; Auto vars:     Size  Location     Type
  1185 ;;  quotient        2    3[BANK0 ] int 
  1186 ;;  sign            1    2[BANK0 ] unsigned char 
  1187 ;;  counter         1    1[BANK0 ] unsigned char 
  1188 ;; Return value:  Size  Location     Type
  1189 ;;                  2    3[COMMON] int 
  1190 ;; Registers used:
  1191 ;;		wreg, status,2, status,0
  1192 ;; Tracked objects:
  1193 ;;		On entry : 0/0
  1194 ;;		On exit  : 0/0
  1195 ;;		Unchanged: 0/0
  1196 ;; Data sizes:     COMMON   BANK0   BANK1   BANK3   BANK2
  1197 ;;      Params:         4       0       0       0       0
  1198 ;;      Locals:         0       4       0       0       0
  1199 ;;      Temps:          0       1       0       0       0
  1200 ;;      Totals:         4       5       0       0       0
  1201 ;;Total ram usage:        9 bytes
  1202 ;; Hardware stack levels used: 1
  1203 ;; Hardware stack levels required when called: 1
  1204 ;; This function calls:
  1205 ;;		Nothing
  1206 ;; This function is called by:
  1207 ;;		_valores
  1208 ;; This function uses a non-reentrant model
  1209 ;;
  1210                           
  1211                           
  1212                           ;psect for function ___awdiv
  1213  0123                     ___awdiv:
  1214  0123                     l1230:	
  1215                           ;incstack = 0
  1216                           ; Regs used in ___awdiv: [wreg+status,2+status,0]
  1217                           
  1218  0123  1283               	bcf	3,5	;RP0=0, select bank0
  1219  0124  1303               	bcf	3,6	;RP1=0, select bank0
  1220  0125  01B8               	clrf	___awdiv@sign
  1221  0126                     l1232:
  1222  0126  1FF4               	btfss	___awdiv@divisor+1,7
  1223  0127  2929               	goto	u871
  1224  0128  292A               	goto	u870
  1225  0129                     u871:
  1226  0129  2931               	goto	l1238
  1227  012A                     u870:
  1228  012A                     l1234:
  1229  012A  09F3               	comf	___awdiv@divisor,f
  1230  012B  09F4               	comf	___awdiv@divisor+1,f
  1231  012C  0AF3               	incf	___awdiv@divisor,f
  1232  012D  1903               	skipnz
  1233  012E  0AF4               	incf	___awdiv@divisor+1,f
  1234  012F                     l1236:
  1235  012F  01B8               	clrf	___awdiv@sign
  1236  0130  0AB8               	incf	___awdiv@sign,f
  1237  0131                     l1238:
  1238  0131  1FF6               	btfss	___awdiv@dividend+1,7
  1239  0132  2934               	goto	u881
  1240  0133  2935               	goto	u880
  1241  0134                     u881:
  1242  0134  293E               	goto	l1244
  1243  0135                     u880:
  1244  0135                     l1240:
  1245  0135  09F5               	comf	___awdiv@dividend,f
  1246  0136  09F6               	comf	___awdiv@dividend+1,f
  1247  0137  0AF5               	incf	___awdiv@dividend,f
  1248  0138  1903               	skipnz
  1249  0139  0AF6               	incf	___awdiv@dividend+1,f
  1250  013A                     l1242:
  1251  013A  3001               	movlw	1
  1252  013B  00B6               	movwf	??___awdiv
  1253  013C  0836               	movf	??___awdiv,w
  1254  013D  06B8               	xorwf	___awdiv@sign,f
  1255  013E                     l1244:
  1256  013E  01B9               	clrf	___awdiv@quotient
  1257  013F  01BA               	clrf	___awdiv@quotient+1
  1258  0140                     l1246:
  1259  0140  0873               	movf	___awdiv@divisor,w
  1260  0141  0474               	iorwf	___awdiv@divisor+1,w
  1261  0142  1903               	btfsc	3,2
  1262  0143  2945               	goto	u891
  1263  0144  2946               	goto	u890
  1264  0145                     u891:
  1265  0145  297D               	goto	l1266
  1266  0146                     u890:
  1267  0146                     l1248:
  1268  0146  01B7               	clrf	___awdiv@counter
  1269  0147  0AB7               	incf	___awdiv@counter,f
  1270  0148  2954               	goto	l1254
  1271  0149                     l1250:
  1272  0149  3001               	movlw	1
  1273  014A                     u905:
  1274  014A  1003               	clrc
  1275  014B  0DF3               	rlf	___awdiv@divisor,f
  1276  014C  0DF4               	rlf	___awdiv@divisor+1,f
  1277  014D  3EFF               	addlw	-1
  1278  014E  1D03               	skipz
  1279  014F  294A               	goto	u905
  1280  0150                     l1252:
  1281  0150  3001               	movlw	1
  1282  0151  00B6               	movwf	??___awdiv
  1283  0152  0836               	movf	??___awdiv,w
  1284  0153  07B7               	addwf	___awdiv@counter,f
  1285  0154                     l1254:
  1286  0154  1FF4               	btfss	___awdiv@divisor+1,7
  1287  0155  2957               	goto	u911
  1288  0156  2958               	goto	u910
  1289  0157                     u911:
  1290  0157  2949               	goto	l1250
  1291  0158                     u910:
  1292  0158                     l1256:
  1293  0158  3001               	movlw	1
  1294  0159                     u925:
  1295  0159  1003               	clrc
  1296  015A  0DB9               	rlf	___awdiv@quotient,f
  1297  015B  0DBA               	rlf	___awdiv@quotient+1,f
  1298  015C  3EFF               	addlw	-1
  1299  015D  1D03               	skipz
  1300  015E  2959               	goto	u925
  1301  015F  0874               	movf	___awdiv@divisor+1,w
  1302  0160  0276               	subwf	___awdiv@dividend+1,w
  1303  0161  1D03               	skipz
  1304  0162  2965               	goto	u935
  1305  0163  0873               	movf	___awdiv@divisor,w
  1306  0164  0275               	subwf	___awdiv@dividend,w
  1307  0165                     u935:
  1308  0165  1C03               	skipc
  1309  0166  2968               	goto	u931
  1310  0167  2969               	goto	u930
  1311  0168                     u931:
  1312  0168  2970               	goto	l1262
  1313  0169                     u930:
  1314  0169                     l1258:
  1315  0169  0873               	movf	___awdiv@divisor,w
  1316  016A  02F5               	subwf	___awdiv@dividend,f
  1317  016B  0874               	movf	___awdiv@divisor+1,w
  1318  016C  1C03               	skipc
  1319  016D  03F6               	decf	___awdiv@dividend+1,f
  1320  016E  02F6               	subwf	___awdiv@dividend+1,f
  1321  016F                     l1260:
  1322  016F  1439               	bsf	___awdiv@quotient,0
  1323  0170                     l1262:
  1324  0170  3001               	movlw	1
  1325  0171                     u945:
  1326  0171  1003               	clrc
  1327  0172  0CF4               	rrf	___awdiv@divisor+1,f
  1328  0173  0CF3               	rrf	___awdiv@divisor,f
  1329  0174  3EFF               	addlw	-1
  1330  0175  1D03               	skipz
  1331  0176  2971               	goto	u945
  1332  0177                     l1264:
  1333  0177  3001               	movlw	1
  1334  0178  02B7               	subwf	___awdiv@counter,f
  1335  0179  1D03               	btfss	3,2
  1336  017A  297C               	goto	u951
  1337  017B  297D               	goto	u950
  1338  017C                     u951:
  1339  017C  2958               	goto	l1256
  1340  017D                     u950:
  1341  017D                     l1266:
  1342  017D  0838               	movf	___awdiv@sign,w
  1343  017E  1903               	btfsc	3,2
  1344  017F  2981               	goto	u961
  1345  0180  2982               	goto	u960
  1346  0181                     u961:
  1347  0181  2987               	goto	l1270
  1348  0182                     u960:
  1349  0182                     l1268:
  1350  0182  09B9               	comf	___awdiv@quotient,f
  1351  0183  09BA               	comf	___awdiv@quotient+1,f
  1352  0184  0AB9               	incf	___awdiv@quotient,f
  1353  0185  1903               	skipnz
  1354  0186  0ABA               	incf	___awdiv@quotient+1,f
  1355  0187                     l1270:
  1356  0187  083A               	movf	___awdiv@quotient+1,w
  1357  0188  00F4               	movwf	?___awdiv+1
  1358  0189  0839               	movf	___awdiv@quotient,w
  1359  018A  00F3               	movwf	?___awdiv
  1360  018B                     l365:
  1361  018B  0008               	return
  1362  018C                     __end_of___awdiv:
  1363                           
  1364                           	psect	text4
  1365  0236                     __ptext4:	
  1366 ;; *************** function _setup *****************
  1367 ;; Defined at:
  1368 ;;		line 175 in file "lab0.c"
  1369 ;; Parameters:    Size  Location     Type
  1370 ;;		None
  1371 ;; Auto vars:     Size  Location     Type
  1372 ;;		None
  1373 ;; Return value:  Size  Location     Type
  1374 ;;                  1    wreg      void 
  1375 ;; Registers used:
  1376 ;;		wreg, status,2, status,0
  1377 ;; Tracked objects:
  1378 ;;		On entry : 0/0
  1379 ;;		On exit  : 0/0
  1380 ;;		Unchanged: 0/0
  1381 ;; Data sizes:     COMMON   BANK0   BANK1   BANK3   BANK2
  1382 ;;      Params:         0       0       0       0       0
  1383 ;;      Locals:         0       0       0       0       0
  1384 ;;      Temps:          0       0       0       0       0
  1385 ;;      Totals:         0       0       0       0       0
  1386 ;;Total ram usage:        0 bytes
  1387 ;; Hardware stack levels used: 1
  1388 ;; Hardware stack levels required when called: 1
  1389 ;; This function calls:
  1390 ;;		Nothing
  1391 ;; This function is called by:
  1392 ;;		_main
  1393 ;; This function uses a non-reentrant model
  1394 ;;
  1395                           
  1396                           
  1397                           ;psect for function _setup
  1398  0236                     _setup:
  1399  0236                     l1056:	
  1400                           ;incstack = 0
  1401                           ; Regs used in _setup: [wreg+status,2+status,0]
  1402                           
  1403                           
  1404                           ;lab0.c: 178:     ANSEL = 0;
  1405  0236  1683               	bsf	3,5	;RP0=1, select bank3
  1406  0237  1703               	bsf	3,6	;RP1=1, select bank3
  1407  0238  0188               	clrf	8	;volatile
  1408                           
  1409                           ;lab0.c: 179:     ANSELH = 0;
  1410  0239  0189               	clrf	9	;volatile
  1411                           
  1412                           ;lab0.c: 181:     TRISA = 0;
  1413  023A  1683               	bsf	3,5	;RP0=1, select bank1
  1414  023B  1303               	bcf	3,6	;RP1=0, select bank1
  1415  023C  0185               	clrf	5	;volatile
  1416  023D                     l1058:
  1417                           
  1418                           ;lab0.c: 182:     TRISB = 0b000111;
  1419  023D  3007               	movlw	7
  1420  023E  0086               	movwf	6	;volatile
  1421  023F                     l1060:
  1422                           
  1423                           ;lab0.c: 183:     TRISC = 0;
  1424  023F  0187               	clrf	7	;volatile
  1425  0240                     l1062:
  1426                           
  1427                           ;lab0.c: 184:     TRISD = 0;
  1428  0240  0188               	clrf	8	;volatile
  1429  0241                     l1064:
  1430                           
  1431                           ;lab0.c: 185:     TRISE = 0;
  1432  0241  0189               	clrf	9	;volatile
  1433  0242                     l1066:
  1434                           
  1435                           ;lab0.c: 187:     OPTION_REGbits.nRBPU = 0;
  1436  0242  1381               	bcf	1,7	;volatile
  1437                           
  1438                           ;lab0.c: 188:     WPUB = 0b111;
  1439  0243  3007               	movlw	7
  1440  0244  0095               	movwf	21	;volatile
  1441  0245                     l1068:
  1442                           
  1443                           ;lab0.c: 190:     PORTA = 0;
  1444  0245  1283               	bcf	3,5	;RP0=0, select bank0
  1445  0246  1303               	bcf	3,6	;RP1=0, select bank0
  1446  0247  0185               	clrf	5	;volatile
  1447  0248                     l1070:
  1448                           
  1449                           ;lab0.c: 191:     PORTB = 0;
  1450  0248  0186               	clrf	6	;volatile
  1451  0249                     l1072:
  1452                           
  1453                           ;lab0.c: 192:     PORTC = 0;
  1454  0249  0187               	clrf	7	;volatile
  1455  024A                     l1074:
  1456                           
  1457                           ;lab0.c: 193:     PORTD = 0;
  1458  024A  0188               	clrf	8	;volatile
  1459  024B                     l1076:
  1460                           
  1461                           ;lab0.c: 194:     PORTE = 0;
  1462  024B  0189               	clrf	9	;volatile
  1463  024C                     l1078:
  1464                           
  1465                           ;lab0.c: 197:     OSCCONbits.IRCF = 0b0100;
  1466  024C  1683               	bsf	3,5	;RP0=1, select bank1
  1467  024D  1303               	bcf	3,6	;RP1=0, select bank1
  1468  024E  080F               	movf	15,w	;volatile
  1469  024F  398F               	andlw	-113
  1470  0250  3840               	iorlw	64
  1471  0251  008F               	movwf	15	;volatile
  1472  0252                     l1080:
  1473                           
  1474                           ;lab0.c: 198:     OSCCONbits.SCS = 1;
  1475  0252  140F               	bsf	15,0	;volatile
  1476  0253                     l1082:
  1477                           
  1478                           ;lab0.c: 201:     INTCONbits.RBIE = 1;
  1479  0253  158B               	bsf	11,3	;volatile
  1480  0254                     l1084:
  1481                           
  1482                           ;lab0.c: 204:     OPTION_REGbits.T0CS = 0;
  1483  0254  1281               	bcf	1,5	;volatile
  1484  0255                     l1086:
  1485                           
  1486                           ;lab0.c: 205:     OPTION_REGbits.T0SE = 0;
  1487  0255  1201               	bcf	1,4	;volatile
  1488  0256                     l1088:
  1489                           
  1490                           ;lab0.c: 206:     OPTION_REGbits.PSA = 0;
  1491  0256  1181               	bcf	1,3	;volatile
  1492  0257                     l1090:
  1493                           
  1494                           ;lab0.c: 207:     OPTION_REGbits.PS2 = 1;
  1495  0257  1501               	bsf	1,2	;volatile
  1496  0258                     l1092:
  1497                           
  1498                           ;lab0.c: 208:     OPTION_REGbits.PS1 = 1;
  1499  0258  1481               	bsf	1,1	;volatile
  1500  0259                     l1094:
  1501                           
  1502                           ;lab0.c: 209:     OPTION_REGbits.PS0 = 1;
  1503  0259  1401               	bsf	1,0	;volatile
  1504  025A                     l1096:
  1505                           
  1506                           ;lab0.c: 210:     TMR0 = 237;;
  1507  025A  30ED               	movlw	237
  1508  025B  1283               	bcf	3,5	;RP0=0, select bank0
  1509  025C  1303               	bcf	3,6	;RP1=0, select bank0
  1510  025D  0081               	movwf	1	;volatile
  1511  025E                     l1098:
  1512                           
  1513                           ;lab0.c: 213:     INTCONbits.T0IF = 0;
  1514  025E  110B               	bcf	11,2	;volatile
  1515  025F                     l1100:
  1516                           
  1517                           ;lab0.c: 214:     INTCONbits.T0IE = 1;
  1518  025F  168B               	bsf	11,5	;volatile
  1519  0260                     l1102:
  1520                           
  1521                           ;lab0.c: 215:     INTCONbits.RBIF = 0;
  1522  0260  100B               	bcf	11,0	;volatile
  1523  0261                     l1104:
  1524                           
  1525                           ;lab0.c: 216:     INTCONbits.RBIE = 1;
  1526  0261  158B               	bsf	11,3	;volatile
  1527  0262                     l1106:
  1528                           
  1529                           ;lab0.c: 217:     INTCONbits.GIE = 1;
  1530  0262  178B               	bsf	11,7	;volatile
  1531  0263                     l123:
  1532  0263  0008               	return
  1533  0264                     __end_of_setup:
  1534                           
  1535                           	psect	text5
  1536  0264                     __ptext5:	
  1537 ;; *************** function _isr *****************
  1538 ;; Defined at:
  1539 ;;		line 55 in file "lab0.c"
  1540 ;; Parameters:    Size  Location     Type
  1541 ;;		None
  1542 ;; Auto vars:     Size  Location     Type
  1543 ;;		None
  1544 ;; Return value:  Size  Location     Type
  1545 ;;                  1    wreg      void 
  1546 ;; Registers used:
  1547 ;;		wreg, fsr0l, fsr0h, status,2, status,0
  1548 ;; Tracked objects:
  1549 ;;		On entry : 0/0
  1550 ;;		On exit  : 0/0
  1551 ;;		Unchanged: 0/0
  1552 ;; Data sizes:     COMMON   BANK0   BANK1   BANK3   BANK2
  1553 ;;      Params:         0       0       0       0       0
  1554 ;;      Locals:         0       0       0       0       0
  1555 ;;      Temps:          3       0       0       0       0
  1556 ;;      Totals:         3       0       0       0       0
  1557 ;;Total ram usage:        3 bytes
  1558 ;; Hardware stack levels used: 1
  1559 ;; This function calls:
  1560 ;;		Nothing
  1561 ;; This function is called by:
  1562 ;;		Interrupt level 1
  1563 ;; This function uses a non-reentrant model
  1564 ;;
  1565                           
  1566                           
  1567                           ;psect for function _isr
  1568  0264                     _isr:
  1569  0264                     i1l1112:
  1570                           
  1571                           ;lab0.c: 57:     if (INTCONbits.T0IF == 1)
  1572  0264  1D0B               	btfss	11,2	;volatile
  1573  0265  2A67               	goto	u63_21
  1574  0266  2A68               	goto	u63_20
  1575  0267                     u63_21:
  1576  0267  2A7C               	goto	i1l71
  1577  0268                     u63_20:
  1578  0268                     i1l1114:
  1579                           
  1580                           ;lab0.c: 58:     {;lab0.c: 60:         if (banderas == 0)
  1581  0268  1283               	bcf	3,5	;RP0=0, select bank0
  1582  0269  1303               	bcf	3,6	;RP1=0, select bank0
  1583  026A  082A               	movf	_banderas,w
  1584  026B  042B               	iorwf	_banderas+1,w
  1585  026C  1D03               	btfss	3,2
  1586  026D  2A6F               	goto	u64_21
  1587  026E  2A70               	goto	u64_20
  1588  026F                     u64_21:
  1589  026F  2A77               	goto	i1l1120
  1590  0270                     u64_20:
  1591  0270                     i1l1116:
  1592                           
  1593                           ;lab0.c: 61:         {;lab0.c: 62:             PORTBbits.RB3 = 1;
  1594  0270  1586               	bsf	6,3	;volatile
  1595  0271                     i1l1118:
  1596                           
  1597                           ;lab0.c: 63:             PORTC = (tabla[uni]);
  1598  0271  0828               	movf	_uni,w
  1599  0272  3E2C               	addlw	(low (_tabla| 0))& (0+255)
  1600  0273  0084               	movwf	4
  1601  0274  1383               	bcf	3,7	;select IRP bank0
  1602  0275  0800               	movf	0,w
  1603  0276  0087               	movwf	7	;volatile
  1604  0277                     i1l1120:
  1605                           
  1606                           ;lab0.c: 65:     banderas = 0;
  1607  0277  01AA               	clrf	_banderas
  1608  0278  01AB               	clrf	_banderas+1
  1609  0279                     i1l1122:
  1610                           
  1611                           ;lab0.c: 66:     TMR0 = 237;;
  1612  0279  30ED               	movlw	237
  1613  027A  0081               	movwf	1	;volatile
  1614  027B                     i1l1124:
  1615                           
  1616                           ;lab0.c: 67:     INTCONbits.T0IF = 0;
  1617  027B  110B               	bcf	11,2	;volatile
  1618  027C                     i1l71:
  1619  027C  0872               	movf	??_isr+2,w
  1620  027D  008A               	movwf	10
  1621  027E  0871               	movf	??_isr+1,w
  1622  027F  0084               	movwf	4
  1623  0280  0E70               	swapf	??_isr,w
  1624  0281  0083               	movwf	3
  1625  0282  0EFE               	swapf	btemp,f
  1626  0283  0E7E               	swapf	btemp,w
  1627  0284  0009               	retfie
  1628  0285                     __end_of_isr:
  1629  007E                     btemp	set	126	;btemp
  1630  007E                     wtemp0	set	126
  1631                           
  1632                           	psect	intentry
  1633  0004                     __pintentry:	
  1634                           ;incstack = 0
  1635                           ; Regs used in _isr: [wreg-fsr0h+status,2+status,0]
  1636                           
  1637  0004                     interrupt_function:
  1638  007E                     saved_w	set	btemp
  1639  0004  00FE               	movwf	btemp
  1640  0005  0E03               	swapf	3,w
  1641  0006  00F0               	movwf	??_isr
  1642  0007  0804               	movf	4,w
  1643  0008  00F1               	movwf	??_isr+1
  1644  0009  080A               	movf	10,w
  1645  000A  00F2               	movwf	??_isr+2
  1646  000B  120A  118A  2A64   	ljmp	_isr
  1647                           
  1648                           	psect	config
  1649                           
  1650                           ;Config register CONFIG1 @ 0x2007
  1651                           ;	Oscillator Selection bits
  1652                           ;	FOSC = INTRC_NOCLKOUT, INTOSCIO oscillator: I/O function on RA6/OSC2/CLKOUT pin, I/O f
      +                          unction on RA7/OSC1/CLKIN
  1653                           ;	Watchdog Timer Enable bit
  1654                           ;	WDTE = OFF, WDT disabled and can be enabled by SWDTEN bit of the WDTCON register
  1655                           ;	Power-up Timer Enable bit
  1656                           ;	PWRTE = OFF, PWRT disabled
  1657                           ;	RE3/MCLR pin function select bit
  1658                           ;	MCLRE = ON, RE3/MCLR pin function is MCLR
  1659                           ;	Code Protection bit
  1660                           ;	CP = OFF, Program memory code protection is disabled
  1661                           ;	Data Code Protection bit
  1662                           ;	CPD = OFF, Data memory code protection is disabled
  1663                           ;	Brown Out Reset Selection bits
  1664                           ;	BOREN = OFF, BOR disabled
  1665                           ;	Internal External Switchover bit
  1666                           ;	IESO = OFF, Internal/External Switchover mode is disabled
  1667                           ;	Fail-Safe Clock Monitor Enabled bit
  1668                           ;	FCMEN = OFF, Fail-Safe Clock Monitor is disabled
  1669                           ;	Low Voltage Programming Enable bit
  1670                           ;	LVP = OFF, RB3 pin has digital I/O, HV on MCLR must be used for programming
  1671                           ;	In-Circuit Debugger Mode bit
  1672                           ;	DEBUG = 0x1, unprogrammed default
  1673  2007                     	org	8199
  1674  2007  20F4               	dw	8436
  1675                           
  1676                           ;Config register CONFIG2 @ 0x2008
  1677                           ;	Brown-out Reset Selection bit
  1678                           ;	BOR4V = BOR40V, Brown-out Reset set to 4.0V
  1679                           ;	Flash Program Memory Self Write Enable bits
  1680                           ;	WRT = OFF, Write protection off
  1681  2008                     	org	8200
  1682  2008  3FFF               	dw	16383

Data Sizes:
    Strings     0
    Constant    0
    Data        10
    BSS         16
    Persistent  0
    Stack       0

Auto Spaces:
    Space          Size  Autos    Used
    COMMON           14      7      11
    BANK0            80      7      29
    BANK1            80      0       0
    BANK3            96      0       0
    BANK2            96      0       0

Pointer List with Targets:

    None.

Critical Paths under _main in COMMON

    _valores->___awdiv
    _valores->___awmod

Critical Paths under _isr in COMMON

    None.

Critical Paths under _main in BANK0

    _valores->___awdiv

Critical Paths under _isr in BANK0

    None.

Critical Paths under _main in BANK1

    None.

Critical Paths under _isr in BANK1

    None.

Critical Paths under _main in BANK3

    None.

Critical Paths under _isr in BANK3

    None.

Critical Paths under _main in BANK2

    None.

Critical Paths under _isr in BANK2

    None.

Call Graph Tables:

 ---------------------------------------------------------------------------------
 (Depth) Function   	        Calls       Base Space   Used Autos Params    Refs
 ---------------------------------------------------------------------------------
 (0) _main                                                 2     2      0    1598
                                              5 BANK0      2     2      0
                              _setup
                            _valores
 ---------------------------------------------------------------------------------
 (1) _valores                                              0     0      0    1598
                            ___awdiv
                            ___awmod
 ---------------------------------------------------------------------------------
 (2) ___awmod                                              7     3      4     793
                                              3 COMMON     4     0      4
                                              0 BANK0      3     3      0
 ---------------------------------------------------------------------------------
 (2) ___awdiv                                              9     5      4     805
                                              3 COMMON     4     0      4
                                              0 BANK0      5     5      0
 ---------------------------------------------------------------------------------
 (1) _setup                                                0     0      0       0
 ---------------------------------------------------------------------------------
 Estimated maximum stack depth 2
 ---------------------------------------------------------------------------------
 (Depth) Function   	        Calls       Base Space   Used Autos Params    Refs
 ---------------------------------------------------------------------------------
 (3) _isr                                                  3     3      0       0
                                              0 COMMON     3     3      0
 ---------------------------------------------------------------------------------
 Estimated maximum stack depth 3
 ---------------------------------------------------------------------------------

 Call Graph Graphs:

 _main (ROOT)
   _setup
   _valores
     ___awdiv
     ___awmod

 _isr (ROOT)

 Address spaces:
Name               Size   Autos  Total    Cost      Usage
BANK3               60      0       0       9        0.0%
BITBANK3            60      0       0       8        0.0%
SFR3                 0      0       0       4        0.0%
BITSFR3              0      0       0       4        0.0%
BANK2               60      0       0      11        0.0%
BITBANK2            60      0       0      10        0.0%
SFR2                 0      0       0       5        0.0%
BITSFR2              0      0       0       5        0.0%
BANK1               50      0       0       7        0.0%
BITBANK1            50      0       0       6        0.0%
SFR1                 0      0       0       2        0.0%
BITSFR1              0      0       0       2        0.0%
BANK0               50      7      1D       5       36.2%
BITBANK0            50      0       0       4        0.0%
SFR0                 0      0       0       1        0.0%
BITSFR0              0      0       0       1        0.0%
COMMON               E      7       B       1       78.6%
BITCOMMON            E      0       0       0        0.0%
CODE                 0      0       0       0        0.0%
DATA                 0      0      28      12        0.0%
ABS                  0      0      28       3        0.0%
NULL                 0      0       0       0        0.0%
STACK                0      0       0       2        0.0%
EEDATA             100      0       0       0        0.0%


Microchip Technology PIC Macro Assembler V2.32 build 20210201212658 
Symbol Table                                                                                   Fri Jan 21 15:31:11 2022

                      pc 0002                       l85 0062                       l78 003E  
                     l95 00BC             ___awdiv@sign 0038                       fsr 0004  
                    l102 00C0                      l112 011A                      l123 0263  
                    l126 0235                      l365 018B                      l378 01E6  
                    _RB0 0030                      _RB1 0031                      _RB2 0032  
                    u910 0158                      u911 0157                      u905 014A  
                    u930 0169                      u931 0168                      u925 0159  
                    u950 017D                      u870 012A                      u951 017C  
                    u935 0165                      u871 0129                      u960 0182  
                    u880 0135                      u961 0181                      u945 0171  
                    u881 0134                      u890 0146                      u970 0193  
                    u891 0145                      u971 0192                      u980 019E  
                    u981 019D                      u990 01A9                      u991 01A8  
                    _dec 0026                      _isr 0264                      _var 0022  
                    fsr0 0004                      _uni 0028                      indf 0000  
           ___awmod@sign 0038                     l1100 025F                     l1102 0260  
                   l1104 0261                     l1106 0262                     l1060 023F  
                   l1300 01CB                     l1070 0248                     l1062 0240  
                   l1230 0123                     l1302 01D2                     l1080 0252  
                   l1072 0249                     l1064 0241                     l1056 0236  
                   l1240 0135                     l1232 0126                     l1304 01D8  
                   l1312 01E7                     l1400 00F8                     l1320 0042  
                   l1090 0257                     l1082 0253                     l1074 024A  
                   l1066 0242                     l1058 023D                     l1250 0149  
                   l1242 013A                     l1234 012A                     l1306 01DD  
                   l1410 0113                     l1402 00FF                     l1330 005C  
                   l1322 0044                     l1314 0033                     l1092 0258  
                   l1084 0254                     l1076 024B                     l1068 0245  
                   l1260 016F                     l1252 0150                     l1244 013E  
                   l1236 012F                     l1308 01E2                     l1412 0114  
                   l1404 0102                     l1340 0071                     l1324 004B  
                   l1332 005E                     l1316 0038                     l1094 0259  
                   l1086 0255                     l1078 024C                     l1270 0187  
                   l1262 0170                     l1254 0154                     l1246 0140  
                   l1238 0131                     l1414 0115                     l1406 0109  
                   l1350 0086                     l1342 0072                     l1326 0052  
                   l1096 025A                     l1088 0256                     l1264 0177  
                   l1256 0158                     l1248 0146                     l1280 0198  
                   l1408 010C                     l1416 011A                     l1360 00A1  
                   l1352 008D                     l1344 0079                     l1336 0066  
                   l1328 0055                     l1098 025E                     l1258 0169  
                   l1266 017D                     l1290 01AC                     l1282 019A  
                   l1274 018C                     l1370 00B6                     l1362 00A4  
                   l1354 0090                     l1346 007C                     l1338 006A  
                   l1268 0182                     l1292 01B3                     l1284 019E  
                   l1276 018F                     l1380 00C8                     l1372 00B7  
                   l1364 00AB                     l1356 0097                     l1348 0083  
                   l1294 01B7                     l1286 01A3                     l1278 0193  
                   l1390 00E1                     l1382 00CF                     l1366 00AE  
                   l1358 009A                     l1374 00BC                     l1296 01BB  
                   l1288 01A9                     l1392 00E4                     l1384 00D0  
                   l1368 00B5                     l1298 01C5                     l1394 00EB  
                   l1386 00D7                     l1378 00C4                     l1396 00EE  
                   l1388 00DA                     l1398 00F5                     ?_isr 0070  
                   u1010 01BB                     u1011 01BA                     u1020 01C5  
                   u1100 0062                     u1021 01C4                     u1005 01AD  
                   u1101 0061                     u1110 0066                     u1111 0065  
                   u1040 01D8                     u1200 00C4                     u1120 0079  
                   u1041 01D7                     u1025 01C1                     u1201 00C3  
                   u1121 0078                     u1050 01DD                     u1210 00D7  
                   u1130 0083                     u1051 01DC                     u1035 01CC  
                   u1211 00D6                     u1131 0082                     u1220 00E1  
                   u1140 008D                     u1060 003E                     u1221 00E0  
                   u1141 008C                     u1061 003D                     u1230 00EB  
                   u1150 0097                     u1070 0042                     u1231 00EA  
                   u1151 0096                     u1071 0041                     u1240 00F5  
                   u1160 00A1                     u1080 0052                     u1241 00F4  
                   u1161 00A0                     u1081 0051                     u1250 00FF  
                   u1170 00AB                     u1090 005C                     u1251 00FE  
                   u1171 00AA                     u1091 005B                     u1260 0109  
                   u1180 00B5                     u1261 0108                     u1181 00B4  
                   u1270 0113                     u1190 00C0                     u1271 0112  
                   u1191 00BF                     i1l71 027C                     _TMR0 0001  
                   _WPUB 0095                     _cent 0024                     _main 0033  
                   _var2 0079                     _var3 0077                     _resi 0020  
                   btemp 007E                     start 000E                    ??_isr 0070  
                  ?_main 0070          __end_of___awdiv 018C          __end_of___awmod 01E7  
                  _ANSEL 0188          ___awdiv@divisor 0073          ___awdiv@counter 0037  
                  _PORTA 0005                    _PORTB 0006                    _PORTC 0007  
                  _PORTD 0008                    _PORTE 0009                    u63_20 0268  
                  u63_21 0267                    u64_20 0270                    u64_21 026F  
                  _TRISA 0085                    _TRISB 0086                    _TRISC 0087  
                  _TRISD 0088                    _TRISE 0089                    _tabla 002C  
                  _setup 0236                    pclath 000A          __end_of_valores 0236  
                  status 0003                    wtemp0 007E          __initialization 0011  
           __end_of_main 0123                   ??_main 003B         ___awdiv@dividend 0075  
                 ?_setup 0070                   _ANSELH 0189                   i1l1120 0277  
                 i1l1112 0264                   i1l1122 0279                   i1l1114 0268  
                 i1l1124 027B                   i1l1116 0270                   i1l1118 0271  
              ??___awdiv 0036                ??___awmod 0036         ___awdiv@quotient 0039  
        ___awmod@divisor 0073          ___awmod@counter 0037                   saved_w 007E  
              ??_valores 0077  __end_of__initialization 002F           __pcstackCOMMON 0070  
           __pidataBANK0 0298            __end_of_setup 0264           _OPTION_REGbits 0081  
                ??_setup 0073               __pbssBANK0 0020               __pmaintext 0033  
             __pintentry 0004                  ___awdiv 0123                  ___awmod 018C  
                __ptext1 01E7                  __ptext2 018C                  __ptext3 0123  
                __ptext4 0236                  __ptext5 0264             __size_of_isr 0021  
       ___awmod@dividend 0075                  _valores 01E7     end_of_initialization 002F  
              _PORTBbits 0006      start_initialization 0011              __end_of_isr 0285  
             init_fetch0 0285              __pdataBANK0 002C              __pbssCOMMON 0077  
              ___latbits 0002            __pcstackBANK0 0036                 ?___awdiv 0073  
               ?___awmod 0073                 ?_valores 0070           __size_of_setup 002E  
      interrupt_function 0004         __size_of___awdiv 0069         __size_of___awmod 005B  
               _banderas 002A         __size_of_valores 004F            __size_of_main 00F0  
             _INTCONbits 000B                 init_ram0 0289                 intlevel1 0000  
             _OSCCONbits 008F  
